This is pdfTeX, Version 3.1415926-2.3-1.40.12 (MiKTeX 2.9) (preloaded format=pdflatex 2016.12.15)  22 APR 2018 00:32
entering extended mode
**E:/github-repo/Lattice-Tilings-and-Hyperdeterminant/tex/lattice*tilings*and*h
yperdeterminant.tex

("E:/github-repo/Lattice-Tilings-and-Hyperdeterminant/tex/lattice tilings and h
yperdeterminant.tex"
LaTeX2e <2011/06/27>
Babel <v3.8m> and hyphenation patterns for loaded.
(D:\CTEX\CTeX\tex\latex\cct\cctart.cls
Document Class: cctart 2004/10/14 Derived from the `article' class
(D:\CTEX\MiKTeX\tex\latex\base\article.cls
Document Class: article 2007/10/19 v1.4h Standard LaTeX document class
(D:\CTEX\MiKTeX\tex\latex\base\size10.clo
File: size10.clo 2007/10/19 v1.4h Standard LaTeX file (size option)
)
\c@part=\count79
\c@section=\count80
\c@subsection=\count81
\c@subsubsection=\count82
\c@paragraph=\count83
\c@subparagraph=\count84
\c@figure=\count85
\c@table=\count86
\abovecaptionskip=\skip41
\belowcaptionskip=\skip42
\bibindent=\dimen102
)
(D:\CTEX\CTeX\tex\latex\cct\cctbase.sty
Package: cctbase 2006/05/17
 (D:\CTEX\CTeX\tex\latex\cct\CCT.sty
0.61803 [2009/11/20] (D:\CTEX\CTeX\tex\latex\cct\cchead.sty
\!ZihaoNo=\count87
\ccwd=\dimen103
\ccht=\dimen104
\ccdp=\dimen105
\!ccbox=\box26
\!ccbdskip=\skip43
)
Package: CCT 2009/11/20 0.61803
\@CCTcnta=\count88
\@CCTcntb=\count89
\@CCTlastkern=\count90
\@CCTglue=\skip44
\@CCTtoks=\toks14

(D:\CTEX\CTeX\tex\latex\cct\CCT.cfg) (D:\CTEX\CTeX\tex\latex\cct\GBKkern.cfg)
(D:\CTEX\CTeX\tex\latex\CJK\GB\c19song.fd) (\ziti{A}->gbksong)
\@CCTskip=\skip45
)))
(D:\CTEX\MiKTeX\tex\latex\ams\math\amsmath.sty
Package: amsmath 2000/07/18 v2.13 AMS math features
\@mathmargin=\skip46

For additional information on amsmath, use the `?' option.
(D:\CTEX\MiKTeX\tex\latex\ams\math\amstext.sty
Package: amstext 2000/06/29 v2.01

(D:\CTEX\MiKTeX\tex\latex\ams\math\amsgen.sty
File: amsgen.sty 1999/11/30 v2.0
\@emptytoks=\toks15
\ex@=\dimen106
))
(D:\CTEX\MiKTeX\tex\latex\ams\math\amsbsy.sty
Package: amsbsy 1999/11/29 v1.2d
\pmbraise@=\dimen107
)
(D:\CTEX\MiKTeX\tex\latex\ams\math\amsopn.sty
Package: amsopn 1999/12/14 v2.01 operator names
)
\inf@bad=\count91
LaTeX Info: Redefining \frac on input line 211.
\uproot@=\count92
\leftroot@=\count93
LaTeX Info: Redefining \overline on input line 307.
\classnum@=\count94
\DOTSCASE@=\count95
LaTeX Info: Redefining \ldots on input line 379.
LaTeX Info: Redefining \dots on input line 382.
LaTeX Info: Redefining \cdots on input line 467.
\Mathstrutbox@=\box27
\strutbox@=\box28
\big@size=\dimen108
LaTeX Font Info:    Redeclaring font encoding OML on input line 567.
LaTeX Font Info:    Redeclaring font encoding OMS on input line 568.
\macc@depth=\count96
\c@MaxMatrixCols=\count97
\dotsspace@=\muskip10
\c@parentequation=\count98
\dspbrk@lvl=\count99
\tag@help=\toks16
\row@=\count100
\column@=\count101
\maxfields@=\count102
\andhelp@=\toks17
\eqnshift@=\dimen109
\alignsep@=\dimen110
\tagshift@=\dimen111
\tagwidth@=\dimen112
\totwidth@=\dimen113
\lineht@=\dimen114
\@envbody=\toks18
\multlinegap=\skip47
\multlinetaggap=\skip48
\mathdisplay@stack=\toks19
LaTeX Info: Redefining \[ on input line 2666.
LaTeX Info: Redefining \] on input line 2667.
)
(D:\CTEX\MiKTeX\tex\latex\ams\classes\amsthm.sty
Package: amsthm 2004/08/06 v2.20
\thm@style=\toks20
\thm@bodyfont=\toks21
\thm@headfont=\toks22
\thm@notefont=\toks23
\thm@headpunct=\toks24
\thm@preskip=\skip49
\thm@postskip=\skip50
\thm@headsep=\skip51
\dth@everypar=\toks25
)
(D:\CTEX\CTeX\tex\latex\clatex\vatola.sty
\plaincentering=\skip52
\intno@=\count103
\hashtoks@=\toks26
)
(D:\CTEX\MiKTeX\tex\latex\base\makeidx.sty
Package: makeidx 2000/03/29 v1.0m Standard LaTeX package
)
(D:\CTEX\MiKTeX\tex\latex\amsfonts\amssymb.sty
Package: amssymb 2009/06/22 v3.00

(D:\CTEX\MiKTeX\tex\latex\amsfonts\amsfonts.sty
Package: amsfonts 2009/06/22 v3.00 Basic AMSFonts support
\symAMSa=\mathgroup4
\symAMSb=\mathgroup5
LaTeX Font Info:    Overwriting math alphabet `\mathfrak' in version `bold'
(Font)                  U/euf/m/n --> U/euf/b/n on input line 96.
))
(D:\CTEX\MiKTeX\tex\latex\ams\math\amscd.sty
Package: amscd 1999/11/29 v2.0
\athelp@=\toks27
\minaw@=\dimen115
\bigaw@=\dimen116
\minCDarrowwidth=\dimen117
)
(D:\CTEX\CTeX\tex\latex\clatex\headrule.sty)
(D:\CTEX\MiKTeX\tex\latex\graphics\graphicx.sty
Package: graphicx 1999/02/16 v1.0f Enhanced LaTeX Graphics (DPC,SPQR)

(D:\CTEX\MiKTeX\tex\latex\graphics\keyval.sty
Package: keyval 1999/03/16 v1.13 key=value parser (DPC)
\KV@toks@=\toks28
)
(D:\CTEX\MiKTeX\tex\latex\graphics\graphics.sty
Package: graphics 2009/02/05 v1.0o Standard LaTeX Graphics (DPC,SPQR)

(D:\CTEX\MiKTeX\tex\latex\graphics\trig.sty
Package: trig 1999/03/16 v1.09 sin cos tan (DPC)
)
(D:\CTEX\MiKTeX\tex\latex\00miktex\graphics.cfg
File: graphics.cfg 2007/01/18 v1.5 graphics configuration of teTeX/TeXLive
)
Package graphics Info: Driver file: pdftex.def on input line 91.

(D:\CTEX\MiKTeX\tex\latex\pdftex-def\pdftex.def
File: pdftex.def 2011/05/27 v0.06d Graphics/color for pdfTeX

(D:\CTEX\MiKTeX\tex\generic\oberdiek\infwarerr.sty
Package: infwarerr 2010/04/08 v1.3 Providing info/warning/message (HO)
)
(D:\CTEX\MiKTeX\tex\generic\oberdiek\ltxcmds.sty
Package: ltxcmds 2011/04/18 v1.20 LaTeX kernel commands for general use (HO)
)
\Gread@gobject=\count104
))
\Gin@req@height=\dimen118
\Gin@req@width=\dimen119
)
(D:\CTEX\MiKTeX\tex\latex\epsf\epsf.sty
This is `epsf.tex' v2.7.4 <14 February 2011>
\epsffilein=\read1
\epsfframemargin=\dimen120
\epsfframethickness=\dimen121
\epsfrsize=\dimen122
\epsftmp=\dimen123
\epsftsize=\dimen124
\epsfxsize=\dimen125
\epsfysize=\dimen126
\pspoints=\dimen127
) (D:\CTEX\MiKTeX\tex\latex\geometry\geometry.sty
Package: geometry 2010/09/12 v5.6 Page Geometry

(D:\CTEX\MiKTeX\tex\generic\oberdiek\ifpdf.sty
Package: ifpdf 2011/01/30 v2.3 Provides the ifpdf switch (HO)
Package ifpdf Info: pdfTeX in PDF mode is detected.
)
(D:\CTEX\MiKTeX\tex\generic\oberdiek\ifvtex.sty
Package: ifvtex 2010/03/01 v1.5 Switches for detecting VTeX and its modes (HO)
Package ifvtex Info: VTeX not detected.
)
(D:\CTEX\MiKTeX\tex\generic\ifxetex\ifxetex.sty
Package: ifxetex 2010/09/12 v0.6 Provides ifxetex conditional
)
\Gm@cnth=\count105
\Gm@cntv=\count106
\c@Gm@tempcnt=\count107
\Gm@bindingoffset=\dimen128
\Gm@wd@mp=\dimen129
\Gm@odd@mp=\dimen130
\Gm@even@mp=\dimen131
\Gm@layoutwidth=\dimen132
\Gm@layoutheight=\dimen133
\Gm@layouthoffset=\dimen134
\Gm@layoutvoffset=\dimen135
\Gm@dimlist=\toks29

(D:\CTEX\MiKTeX\tex\latex\geometry\geometry.cfg))
(D:\CTEX\MiKTeX\tex\latex\pgf\frontendlayer\tikz.sty
(D:\CTEX\MiKTeX\tex\latex\pgf\basiclayer\pgf.sty
(D:\CTEX\MiKTeX\tex\latex\pgf\utilities\pgfrcs.sty
(D:\CTEX\MiKTeX\tex\generic\pgf\utilities\pgfutil-common.tex
\pgfutil@everybye=\toks30
)
(D:\CTEX\MiKTeX\tex\generic\pgf\utilities\pgfutil-latex.def
\pgfutil@abb=\box29

(D:\CTEX\MiKTeX\tex\latex\ms\everyshi.sty
Package: everyshi 2001/05/15 v3.00 EveryShipout Package (MS)
))
(D:\CTEX\MiKTeX\tex\generic\pgf\utilities\pgfrcs.code.tex
Package: pgfrcs 2010/10/25 v2.10 (rcs-revision 1.24)
))
Package: pgf 2008/01/15 v2.10 (rcs-revision 1.12)

(D:\CTEX\MiKTeX\tex\latex\pgf\basiclayer\pgfcore.sty
(D:\CTEX\MiKTeX\tex\latex\pgf\systemlayer\pgfsys.sty
(D:\CTEX\MiKTeX\tex\generic\pgf\systemlayer\pgfsys.code.tex
Package: pgfsys 2010/06/30 v2.10 (rcs-revision 1.37)

(D:\CTEX\MiKTeX\tex\generic\pgf\utilities\pgfkeys.code.tex
\pgfkeys@pathtoks=\toks31
\pgfkeys@temptoks=\toks32

(D:\CTEX\MiKTeX\tex\generic\pgf\utilities\pgfkeysfiltered.code.tex
\pgfkeys@tmptoks=\toks33
))
\pgf@x=\dimen136
\pgf@y=\dimen137
\pgf@xa=\dimen138
\pgf@ya=\dimen139
\pgf@xb=\dimen140
\pgf@yb=\dimen141
\pgf@xc=\dimen142
\pgf@yc=\dimen143
\w@pgf@writea=\write3
\r@pgf@reada=\read2
\c@pgf@counta=\count108
\c@pgf@countb=\count109
\c@pgf@countc=\count110
\c@pgf@countd=\count111

(D:\CTEX\MiKTeX\tex\generic\pgf\systemlayer\pgf.cfg
File: pgf.cfg 2008/05/14  (rcs-revision 1.7)
)
Package pgfsys Info: Driver file for pgf: pgfsys-pdftex.def on input line 900.

(D:\CTEX\MiKTeX\tex\generic\pgf\systemlayer\pgfsys-pdftex.def
File: pgfsys-pdftex.def 2009/05/22  (rcs-revision 1.26)

(D:\CTEX\MiKTeX\tex\generic\pgf\systemlayer\pgfsys-common-pdf.def
File: pgfsys-common-pdf.def 2008/05/19  (rcs-revision 1.10)
)))
(D:\CTEX\MiKTeX\tex\generic\pgf\systemlayer\pgfsyssoftpath.code.tex
File: pgfsyssoftpath.code.tex 2008/07/18  (rcs-revision 1.7)
\pgfsyssoftpath@smallbuffer@items=\count112
\pgfsyssoftpath@bigbuffer@items=\count113
)
(D:\CTEX\MiKTeX\tex\generic\pgf\systemlayer\pgfsysprotocol.code.tex
File: pgfsysprotocol.code.tex 2006/10/16  (rcs-revision 1.4)
))
(D:\CTEX\MiKTeX\tex\latex\xcolor\xcolor.sty
Package: xcolor 2007/01/21 v2.11 LaTeX color extensions (UK)

(D:\CTEX\MiKTeX\tex\latex\00miktex\color.cfg
File: color.cfg 2007/01/18 v1.5 color configuration of teTeX/TeXLive
)
Package xcolor Info: Driver file: pdftex.def on input line 225.
Package xcolor Info: Model `cmy' substituted by `cmy0' on input line 1337.
Package xcolor Info: Model `hsb' substituted by `rgb' on input line 1341.
Package xcolor Info: Model `RGB' extended on input line 1353.
Package xcolor Info: Model `HTML' substituted by `rgb' on input line 1355.
Package xcolor Info: Model `Hsb' substituted by `hsb' on input line 1356.
Package xcolor Info: Model `tHsb' substituted by `hsb' on input line 1357.
Package xcolor Info: Model `HSB' substituted by `hsb' on input line 1358.
Package xcolor Info: Model `Gray' substituted by `gray' on input line 1359.
Package xcolor Info: Model `wave' substituted by `hsb' on input line 1360.
)
(D:\CTEX\MiKTeX\tex\generic\pgf\basiclayer\pgfcore.code.tex
Package: pgfcore 2010/04/11 v2.10 (rcs-revision 1.7)

(D:\CTEX\MiKTeX\tex\generic\pgf\math\pgfmath.code.tex
(D:\CTEX\MiKTeX\tex\generic\pgf\math\pgfmathcalc.code.tex
(D:\CTEX\MiKTeX\tex\generic\pgf\math\pgfmathutil.code.tex)
(D:\CTEX\MiKTeX\tex\generic\pgf\math\pgfmathparser.code.tex
\pgfmath@dimen=\dimen144
\pgfmath@count=\count114
\pgfmath@box=\box30
\pgfmath@toks=\toks34
\pgfmath@stack@operand=\toks35
\pgfmath@stack@operation=\toks36
)
(D:\CTEX\MiKTeX\tex\generic\pgf\math\pgfmathfunctions.code.tex
(D:\CTEX\MiKTeX\tex\generic\pgf\math\pgfmathfunctions.basic.code.tex)
(D:\CTEX\MiKTeX\tex\generic\pgf\math\pgfmathfunctions.trigonometric.code.tex)
(D:\CTEX\MiKTeX\tex\generic\pgf\math\pgfmathfunctions.random.code.tex)
(D:\CTEX\MiKTeX\tex\generic\pgf\math\pgfmathfunctions.comparison.code.tex)
(D:\CTEX\MiKTeX\tex\generic\pgf\math\pgfmathfunctions.base.code.tex)
(D:\CTEX\MiKTeX\tex\generic\pgf\math\pgfmathfunctions.round.code.tex)
(D:\CTEX\MiKTeX\tex\generic\pgf\math\pgfmathfunctions.misc.code.tex)))
(D:\CTEX\MiKTeX\tex\generic\pgf\math\pgfmathfloat.code.tex
\c@pgfmathroundto@lastzeros=\count115
))
(D:\CTEX\MiKTeX\tex\generic\pgf\basiclayer\pgfcorepoints.code.tex
File: pgfcorepoints.code.tex 2010/04/09  (rcs-revision 1.20)
\pgf@picminx=\dimen145
\pgf@picmaxx=\dimen146
\pgf@picminy=\dimen147
\pgf@picmaxy=\dimen148
\pgf@pathminx=\dimen149
\pgf@pathmaxx=\dimen150
\pgf@pathminy=\dimen151
\pgf@pathmaxy=\dimen152
\pgf@xx=\dimen153
\pgf@xy=\dimen154
\pgf@yx=\dimen155
\pgf@yy=\dimen156
\pgf@zx=\dimen157
\pgf@zy=\dimen158
)
(D:\CTEX\MiKTeX\tex\generic\pgf\basiclayer\pgfcorepathconstruct.code.tex
File: pgfcorepathconstruct.code.tex 2010/08/03  (rcs-revision 1.24)
\pgf@path@lastx=\dimen159
\pgf@path@lasty=\dimen160
)
(D:\CTEX\MiKTeX\tex\generic\pgf\basiclayer\pgfcorepathusage.code.tex
File: pgfcorepathusage.code.tex 2008/04/22  (rcs-revision 1.12)
\pgf@shorten@end@additional=\dimen161
\pgf@shorten@start@additional=\dimen162
)
(D:\CTEX\MiKTeX\tex\generic\pgf\basiclayer\pgfcorescopes.code.tex
File: pgfcorescopes.code.tex 2010/09/08  (rcs-revision 1.34)
\pgfpic=\box31
\pgf@hbox=\box32
\pgf@layerbox@main=\box33
\pgf@picture@serial@count=\count116
)
(D:\CTEX\MiKTeX\tex\generic\pgf\basiclayer\pgfcoregraphicstate.code.tex
File: pgfcoregraphicstate.code.tex 2008/04/22  (rcs-revision 1.9)
\pgflinewidth=\dimen163
)
(D:\CTEX\MiKTeX\tex\generic\pgf\basiclayer\pgfcoretransformations.code.tex
File: pgfcoretransformations.code.tex 2009/06/10  (rcs-revision 1.11)
\pgf@pt@x=\dimen164
\pgf@pt@y=\dimen165
\pgf@pt@temp=\dimen166
)
(D:\CTEX\MiKTeX\tex\generic\pgf\basiclayer\pgfcorequick.code.tex
File: pgfcorequick.code.tex 2008/10/09  (rcs-revision 1.3)
)
(D:\CTEX\MiKTeX\tex\generic\pgf\basiclayer\pgfcoreobjects.code.tex
File: pgfcoreobjects.code.tex 2006/10/11  (rcs-revision 1.2)
)
(D:\CTEX\MiKTeX\tex\generic\pgf\basiclayer\pgfcorepathprocessing.code.tex
File: pgfcorepathprocessing.code.tex 2008/10/09  (rcs-revision 1.8)
)
(D:\CTEX\MiKTeX\tex\generic\pgf\basiclayer\pgfcorearrows.code.tex
File: pgfcorearrows.code.tex 2008/04/23  (rcs-revision 1.11)
)
(D:\CTEX\MiKTeX\tex\generic\pgf\basiclayer\pgfcoreshade.code.tex
File: pgfcoreshade.code.tex 2008/11/23  (rcs-revision 1.13)
\pgf@max=\dimen167
\pgf@sys@shading@range@num=\count117
)
(D:\CTEX\MiKTeX\tex\generic\pgf\basiclayer\pgfcoreimage.code.tex
File: pgfcoreimage.code.tex 2010/03/25  (rcs-revision 1.16)

(D:\CTEX\MiKTeX\tex\generic\pgf\basiclayer\pgfcoreexternal.code.tex
File: pgfcoreexternal.code.tex 2010/09/01  (rcs-revision 1.17)
\pgfexternal@startupbox=\box34
))
(D:\CTEX\MiKTeX\tex\generic\pgf\basiclayer\pgfcorelayers.code.tex
File: pgfcorelayers.code.tex 2010/08/27  (rcs-revision 1.2)
)
(D:\CTEX\MiKTeX\tex\generic\pgf\basiclayer\pgfcoretransparency.code.tex
File: pgfcoretransparency.code.tex 2008/01/17  (rcs-revision 1.2)
)
(D:\CTEX\MiKTeX\tex\generic\pgf\basiclayer\pgfcorepatterns.code.tex
File: pgfcorepatterns.code.tex 2009/07/02  (rcs-revision 1.3)
)))
(D:\CTEX\MiKTeX\tex\generic\pgf\modules\pgfmoduleshapes.code.tex
File: pgfmoduleshapes.code.tex 2010/09/09  (rcs-revision 1.13)
\pgfnodeparttextbox=\box35
)
(D:\CTEX\MiKTeX\tex\generic\pgf\modules\pgfmoduleplot.code.tex
File: pgfmoduleplot.code.tex 2010/10/22  (rcs-revision 1.8)
)
(D:\CTEX\MiKTeX\tex\latex\pgf\compatibility\pgfcomp-version-0-65.sty
Package: pgfcomp-version-0-65 2007/07/03 v2.10 (rcs-revision 1.7)
\pgf@nodesepstart=\dimen168
\pgf@nodesepend=\dimen169
)
(D:\CTEX\MiKTeX\tex\latex\pgf\compatibility\pgfcomp-version-1-18.sty
Package: pgfcomp-version-1-18 2007/07/23 v2.10 (rcs-revision 1.1)
))
(D:\CTEX\MiKTeX\tex\latex\pgf\utilities\pgffor.sty
(D:\CTEX\MiKTeX\tex\latex\pgf\utilities\pgfkeys.sty
(D:\CTEX\MiKTeX\tex\generic\pgf\utilities\pgfkeys.code.tex))
(D:\CTEX\MiKTeX\tex\generic\pgf\utilities\pgffor.code.tex
Package: pgffor 2010/03/23 v2.10 (rcs-revision 1.18)
\pgffor@iter=\dimen170
\pgffor@skip=\dimen171
\pgffor@stack=\toks37
\pgffor@toks=\toks38
))
(D:\CTEX\MiKTeX\tex\generic\pgf\frontendlayer\tikz\tikz.code.tex
Package: tikz 2010/10/13 v2.10 (rcs-revision 1.76)

(D:\CTEX\MiKTeX\tex\generic\pgf\libraries\pgflibraryplothandlers.code.tex
File: pgflibraryplothandlers.code.tex 2010/05/31 v2.10 (rcs-revision 1.15)
\pgf@plot@mark@count=\count118
\pgfplotmarksize=\dimen172
)
\tikz@lastx=\dimen173
\tikz@lasty=\dimen174
\tikz@lastxsaved=\dimen175
\tikz@lastysaved=\dimen176
\tikzleveldistance=\dimen177
\tikzsiblingdistance=\dimen178
\tikz@figbox=\box36
\tikz@tempbox=\box37
\tikztreelevel=\count119
\tikznumberofchildren=\count120
\tikznumberofcurrentchild=\count121
\tikz@fig@count=\count122

(D:\CTEX\MiKTeX\tex\generic\pgf\modules\pgfmodulematrix.code.tex
File: pgfmodulematrix.code.tex 2010/08/24  (rcs-revision 1.4)
\pgfmatrixcurrentrow=\count123
\pgfmatrixcurrentcolumn=\count124
\pgf@matrix@numberofcolumns=\count125
)
\tikz@expandcount=\count126

(D:\CTEX\MiKTeX\tex\generic\pgf\frontendlayer\tikz\libraries\tikzlibrarytopaths
.code.tex
File: tikzlibrarytopaths.code.tex 2008/06/17 v2.10 (rcs-revision 1.2)
))) (D:\CTEX\MiKTeX\tex\plain\rsfs\scrload.tex
\scrfam=\mathgroup6
)
No auxiliary output files.


LaTeX Warning: Unused global option(s):
    [CCT].

No file lattice*tilings*and*hyperdeterminant.aux.
LaTeX Font Info:    Checking defaults for OML/cmm/m/it on input line 27.
LaTeX Font Info:    ... okay on input line 27.
LaTeX Font Info:    Checking defaults for T1/cmr/m/n on input line 27.
LaTeX Font Info:    ... okay on input line 27.
LaTeX Font Info:    Checking defaults for OT1/cmr/m/n on input line 27.
LaTeX Font Info:    ... okay on input line 27.
LaTeX Font Info:    Checking defaults for OMS/cmsy/m/n on input line 27.
LaTeX Font Info:    ... okay on input line 27.
LaTeX Font Info:    Checking defaults for OMX/cmex/m/n on input line 27.
LaTeX Font Info:    ... okay on input line 27.
LaTeX Font Info:    Checking defaults for U/cmr/m/n on input line 27.
LaTeX Font Info:    ... okay on input line 27.
(D:\CTEX\MiKTeX\tex\context\base\supp-pdf.mkii
[Loading MPS to PDF converter (version 2006.09.02).]
\scratchcounter=\count127
\scratchdimen=\dimen179
\scratchbox=\box38
\nofMPsegments=\count128
\nofMParguments=\count129
\everyMPshowfont=\toks39
\MPscratchCnt=\count130
\MPscratchDim=\dimen180
\MPnumerator=\count131
\makeMPintoPDFobject=\count132
\everyMPtoPDFconversion=\toks40
)
*geometry* driver: auto-detecting
*geometry* detected driver: pdftex
*geometry* verbose mode - [ preamble ] result:
* driver: pdftex
* paper: a4paper
* layout: <same size as paper>
* layoutoffset:(h,v)=(0.0pt,0.0pt)
* modes: twoside 
* h-part:(L,W,R)=(90.3375pt, 416.83289pt, 90.3375pt)
* v-part:(T,H,B)=(72.26999pt, 700.50687pt, 72.26999pt)
* \paperwidth=597.50787pt
* \paperheight=845.04684pt
* \textwidth=418.25542pt
* \textheight=597.50787pt
* \oddsidemargin=0.0pt
* \evensidemargin=0.0pt
* \topmargin=0.0pt
* \headheight=22.76219pt
* \headsep=5.69046pt
* \topskip=10.0pt
* \footskip=5.69054pt
* \marginparwidth=111.0pt
* \marginparsep=11.0pt
* \columnsep=10.0pt
* \skip\footins=9.0pt plus 4.0pt minus 2.0pt
* \hoffset=0.0pt
* \voffset=0.0pt
* \mag=1000
* \@twocolumnfalse
* \@twosidetrue
* \@mparswitchtrue
* \@reversemarginfalse
* (1in=72.27pt=25.4mm, 1cm=28.453pt)

ABD: EveryShipout initializing macros
\c@lemma=\count133
\c@guess=\count134
\c@define=\count135
\c@theorem=\count136
LaTeX Font Info:    Try loading font information for U+msa on input line 86.

(D:\CTEX\MiKTeX\tex\latex\amsfonts\umsa.fd
File: umsa.fd 2009/06/22 v3.00 AMS symbols A
)
LaTeX Font Info:    Try loading font information for U+msb on input line 86.

(D:\CTEX\MiKTeX\tex\latex\amsfonts\umsb.fd
File: umsb.fd 2009/06/22 v3.00 AMS symbols B
)
(D:\CTEX\CTeX\tex\latex\CJK\GB\c19hei.fd) (\ziti{B}->gbkhei)
Warning: font `bs' not found, trying alternative font `hei'
(\ziti{E}->gbkhei) (D:\CTEX\CTeX\tex\latex\CJK\GB\c19fs.fd) (\ziti{D}->gbkfs)
Loading punctuation table gbkfs.tbl Loading punctuation table gbksong.tbl
[1

{D:/CTEX/UserData/pdftex/config/pdftex.map{Unicode.sfd}{UGBK.sfd}}

]
(D:\CTEX\CTeX\tex\latex\CJK\GB\c19kai.fd) (\ziti{C}->gbkkai)
Overfull \hbox (8.01988pt too wide) in paragraph at lines 174--176
[]$[][]$\gbksong58-10.5 è$\OML/cmm/m/it/10 n$\gbksong42-10.5 á \gbksong59-10.5 
e \gbksong64-10.5 ç \gbksong37-10.5 I \gbksong43-10.5  \gbksong38-10.5 § \gbks
ong40-10.5  ı \gbksong58-10.5 ë \gbksong46-10.5 › \gbksong64-10.5 
 \gbksong26-10.5 ß| \gbksong50-10.5 z \gbksong42-10.5 á \gbksong64-10.5 ç \gbks
ong37-10.5 I \gbksong54-10.5  \gbksong64-10.5 ä \gbksong58-10.5 è$\tenrm 1\OML
/cmm/m/it/10 ; \tenrm 2\OML/cmm/m/it/10 ; []  ; m$\gbksong26-10.5 ß| \gbksong63
-10.5 K$\OML/cmm/m/it/10 n$\gbksong38-10.5 ° \gbksong58-10.5 è \gbksong51-10.5 
S \gbksong58-10.5 ë \gbksong55-10.5 Í \gbksong26-10.5 ß| $\OML/cmm/m/it/10 m$\g
bksong38-10.5 °
 []

\c@Lcount=\count137
[2]
Overfull \hbox (31.66008pt too wide) detected at line 351
\OML/cmm/m/it/10 det [] [] [] 
 []


Underfull \vbox (badness 2744) has occurred while \output is active []

 [3]
Loading punctuation table gbkkai.tbl
Underfull \vbox (badness 10000) has occurred while \output is active []

 [4]
[5] [6




]

LaTeX Warning: Reference `5' on page 7 undefined on input line 771.

[7]

CCT Warning: line 864, GBK punct £¨ in math mode converted to \char44


CCT Warning: line 865, GBK punct £¨ in math mode converted to \char44


CCT Warning: line 866, GBK punct £¨ in math mode converted to \char44


CCT Warning: line 867, GBK punct £¨ in math mode converted to \char44


CCT Warning: line 868, GBK punct £¨ in math mode converted to \char44


CCT Warning: line 869, GBK punct £¨ in math mode converted to \char44


LaTeX Warning: Reference `1' on page 8 undefined on input line 873.


LaTeX Warning: Reference `2' on page 8 undefined on input line 873.


LaTeX Warning: Reference `3' on page 8 undefined on input line 873.


LaTeX Warning: Reference `4' on page 8 undefined on input line 873.


LaTeX Warning: Reference `5' on page 8 undefined on input line 873.

[8]
Overfull \hbox (0.2184pt too wide) in paragraph at lines 910--910
[] 
 []

[9]
Overfull \hbox (31.86644pt too wide) detected at line 984
\OML/cmm/m/it/10 detA \tenrm = [] [] [](\OMS/cmsy/m/n/10  \tenrm 1)[]\OML/cmm/m
/it/10 M[]A[]
 []


Underfull \hbox (badness 10000) in paragraph at lines 988--990

 []

[10]
Overfull \hbox (85.93265pt too wide) detected at line 1095
\OML/cmm/m/it/10 Q[] \tenrm = []
 []


Underfull \hbox (badness 10000) in paragraph at lines 1103--1107

 []

[11] [12]

LaTeX Warning: There were undefined references.

 )
(\end occurred inside a group at level 1)

### simple group (level 1) entered at line 1112 ({)
### bottom level 
Here is how much of TeX's memory you used:
 11973 strings out of 495354
 209738 string characters out of 3183858
 290560 words of memory out of 3000000
 14748 multiletter control sequences out of 15000+200000
 58537 words of font info for 206 fonts, out of 3000000 for 9000
 14 hyphenation exceptions out of 8191
 56i,23n,55p,997b,520s stack positions out of 5000i,500n,10000p,200000b,50000s
<C:/Windows/Fonts/simhei.ttf><C:/Windows/Fonts/simhei.ttf><C:/W
indows/Fonts/simhei.ttf><C:/Windows/Fonts/simhei.ttf><C:/Windows/Fonts/simkai.t
tf><C:/Windows/Fonts/simkai.ttf><C:/Windows/Fonts/simkai.ttf><C:/Windows/Fonts/
simkai.ttf><C:/Windows/Fonts/simkai.ttf><C:/Windows/Fonts/simkai.ttf><C:/Window
s/Fonts/simkai.ttf><C:/Windows/Fonts/simkai.ttf><C:/Windows/Fonts/simkai.ttf><C
:/Windows/Fonts/simkai.ttf><C:/Windows/Fonts/simhei.ttf><C:/Windows/Fonts/simka
i.ttf><C:/Windows/Fonts/simkai.ttf><C:/Windows/Fonts/simkai.ttf><C:/Windows/Fon
ts/simkai.ttf><C:/Windows/Fonts/simkai.ttf><C:/Windows/Fonts/simkai.ttf><C:/Win
dows/Fonts/simkai.ttf><C:/Windows/Fonts/simkai.ttf><C:/Windows/Fonts/simkai.ttf
><C:/Windows/Fonts/simkai.ttf><C:/Windows/Fonts/simkai.ttf><C:/Windows/Fonts/si
mkai.ttf><C:/Windows/Fonts/simhei.ttf><C:/Windows/Fonts/simkai.ttf><C:/Windows/
Fonts/simkai.ttf><D:/CTEX/CTeX/fonts/truetype/chinese/simsun.ttf><C:/Windows/Fo
nts/simkai.ttf><C:/Windows/Fonts/simkai.ttf><C:/Windows/Fonts/simkai.ttf><C:/Wi
ndows/Fonts/simkai.ttf><C:/Windows/Fonts/simkai.ttf><C:/Windows/Fonts/simkai.tt
f><C:/Windows/Fonts/simkai.ttf><C:/Windows/Fonts/simhei.ttf><C:/Windows/Fonts/s
imhei.ttf><D:/CTEX/CTeX/fonts/truetype/chinese/simsun.ttf><D:/CTEX/CTeX/fonts/t
ruetype/chinese/simsun.ttf><D:/CTEX/CTeX/fonts/truetype/chinese/simsun.ttf><D:/
CTEX/CTeX/fonts/truetype/chinese/simsun.ttf><C:/Windows/Fonts/simhei.ttf><D:/CT
EX/CTeX/fonts/truetype/chinese/simsun.ttf><D:/CTEX/CTeX/fonts/truetype/chinese/
simsun.ttf><D:/CTEX/CTeX/fonts/truetype/chinese/simsun.ttf><D:/CTEX/CTeX/fonts/
truetype/chinese/simsun.ttf><D:/CTEX/CTeX/fonts/truetype/chinese/simsun.ttf><D:
/CTEX/CTeX/fonts/truetype/chinese/simsun.ttf><D:/CTEX/CTeX/fonts/truetype/chine
se/simsun.ttf><D:/CTEX/CTeX/fonts/truetype/chinese/simsun.ttf><D:/CTEX/CTeX/fon
ts/truetype/chinese/simsun.ttf><D:/CTEX/CTeX/fonts/truetype/chinese/simsun.ttf>
<D:/CTEX/CTeX/fonts/truetype/chinese/simsun.ttf><D:/CTEX/CTeX/fonts/truetype/ch
inese/simsun.ttf><D:/CTEX/CTeX/fonts/truetype/chinese/simsun.ttf><D:/CTEX/CTeX/
fonts/truetype/chinese/simsun.ttf><D:/CTEX/CTeX/fonts/truetype/chinese/simsun.t
tf><D:/CTEX/CTeX/fonts/truetype/chinese/simsun.ttf><D:/CTEX/CTeX/fonts/truetype
/chinese/simsun.ttf><D:/CTEX/CTeX/fonts/truetype/chinese/simsun.ttf><D:/CTEX/CT
eX/fonts/truetype/chinese/simsun.ttf><D:/CTEX/CTeX/fonts/truetype/chinese/simsu
n.ttf><D:/CTEX/CTeX/fonts/truetype/chinese/simsun.ttf><D:/CTEX/CTeX/fonts/truet
ype/chinese/simsun.ttf><D:/CTEX/CTeX/fonts/truetype/chinese/simsun.ttf><C:/Wind
ows/Fonts/simhei.ttf><C:/Windows/Fonts/simhei.ttf><C:/Windows/Fonts/simfang.ttf
><C:/Windows/Fonts/simfang.ttf><C:/Windows/Fonts/simfang.ttf><C:/Windows/Fonts/
simfang.ttf><C:/Windows/Fonts/simfang.ttf><C:/Windows/Fonts/simfang.ttf><C:/Win
dows/Fonts/simfang.ttf><C:/Windows/Fonts/simfang.ttf><C:/Windows/Fonts/simfang.
ttf><C:/Windows/Fonts/simfang.ttf><C:/Windows/Fonts/simfang.ttf><C:/Windows/Fon
ts/simfang.ttf><C:/Windows/Fonts/simfang.ttf><C:/Windows/Fonts/simfang.ttf><C:/
Windows/Fonts/simfang.ttf><C:/Windows/Fonts/simfang.ttf><C:/Windows/Fonts/simfa
ng.ttf><C:/Windows/Fonts/simfang.ttf><C:/Windows/Fonts/simfang.ttf><C:/Windows/
Fonts/simfang.ttf><C:/Windows/Fonts/simfang.ttf><C:/Windows/Fonts/simfang.ttf><
C:/Windows/Fonts/simfang.ttf><C:/Windows/Fonts/simfang.ttf><C:/Windows/Fonts/si
mfang.ttf><C:/Windows/Fonts/simfang.ttf><C:/Windows/Fonts/simfang.ttf><C:/Windo
ws/Fonts/simfang.ttf><C:/Windows/Fonts/simfang.ttf><C:/Windows/Fonts/simfang.tt
f><C:/Windows/Fonts/simfang.ttf><C:/Windows/Fonts/simhei.ttf><D:/CTEX/CTeX/font
s/truetype/chinese/simsun.ttf><D:/CTEX/CTeX/fonts/truetype/chinese/simsun.ttf><
D:/CTEX/CTeX/fonts/truetype/chinese/simsun.ttf><D:/CTEX/CTeX/fonts/truetype/chi
nese/simsun.ttf><C:/Windows/Fonts/simhei.ttf><C:/Windows/Fonts/simhei.ttf><C:/W
indows/Fonts/simhei.ttf><C:/Windows/Fonts/simhei.ttf><C:/Windows/Fonts/simhei.t
tf><C:/Windows/Fonts/simhei.ttf><C:/Windows/Fonts/simhei.ttf><C:/Windows/Fonts/
simhei.ttf><C:/Windows/Fonts/simhei.ttf><C:/Windows/Fonts/simhei.ttf><C:/Window
s/Fonts/simhei.ttf><D:/CTEX/MiKTeX/fonts/type1/public/amsfonts/cm/cmb10.pfb><D:
/CTEX/MiKTeX/fonts/type1/public/amsfonts/cm/cmbx10.pfb><D:/CTEX/MiKTeX/fonts/ty
pe1/public/amsfonts/cm/cmbx12.pfb><D:/CTEX/MiKTeX/fonts/type1/public/amsfonts/c
m/cmex10.pfb><D:/CTEX/MiKTeX/fonts/type1/public/amsfonts/cmextra/cmex7.pfb><D:/
CTEX/MiKTeX/fonts/type1/public/amsfonts/cm/cmmi10.pfb><D:/CTEX/MiKTeX/fonts/typ
e1/public/amsfonts/cm/cmmi12.pfb><D:/CTEX/MiKTeX/fonts/type1/public/amsfonts/cm
/cmmi5.pfb><D:/CTEX/MiKTeX/fonts/type1/public/amsfonts/cm/cmmi7.pfb><D:/CTEX/Mi
KTeX/fonts/type1/public/amsfonts/cm/cmmi9.pfb><D:/CTEX/MiKTeX/fonts/type1/publi
c/amsfonts/cm/cmr10.pfb><D:/CTEX/MiKTeX/fonts/type1/public/amsfonts/cm/cmr12.pf
b><D:/CTEX/MiKTeX/fonts/type1/public/amsfonts/cm/cmr5.pfb><D:/CTEX/MiKTeX/fonts
/type1/public/amsfonts/cm/cmr6.pfb><D:/CTEX/MiKTeX/fonts/type1/public/amsfonts/
cm/cmr7.pfb><D:/CTEX/MiKTeX/fonts/type1/public/amsfonts/cm/cmr8.pfb><D:/CTEX/Mi
KTeX/fonts/type1/public/amsfonts/cm/cmr9.pfb><D:/CTEX/MiKTeX/fonts/type1/public
/amsfonts/cm/cmsy10.pfb><D:/CTEX/MiKTeX/fonts/type1/public/amsfonts/cm/cmsy5.pf
b><D:/CTEX/MiKTeX/fonts/type1/public/amsfonts/cm/cmsy7.pfb><D:/CTEX/MiKTeX/font
s/type1/public/amsfonts/cm/cmsy8.pfb><D:/CTEX/MiKTeX/fonts/type1/public/amsfont
s/cm/cmsy9.pfb><D:/CTEX/MiKTeX/fonts/type1/public/amsfonts/cm/cmti10.pfb><D:/CT
EX/MiKTeX/fonts/type1/public/amsfonts/cm/cmti8.pfb><D:/CTEX/MiKTeX/fonts/type1/
public/amsfonts/cm/cmti9.pfb>
Output written on "lattice tilings and hyperdeterminant.pdf" (12 pages, 723074 
bytes).
PDF statistics:
 612 PDF objects out of 1000 (max. 8388607)
 0 named destinations out of 1000 (max. 500000)
 13 words of extra memory for PDF output out of 10000 (max. 10000000)

